2018-03-12 10:12:46,344 0      [           main] INFO  ClassPathXmlApplicationContext  - Refreshing org.springframework.context.support.ClassPathXmlApplicationContext@326de728: startup date [Mon Mar 12 10:12:46 CST 2018]; root of context hierarchy
2018-03-12 10:12:46,472 128    [           main] INFO  ry.xml.XmlBeanDefinitionReader  - Loading XML bean definitions from class path resource [applicationContext.xml]
2018-03-12 12:04:33,940 0      [           main] INFO  ClassPathXmlApplicationContext  - Refreshing org.springframework.context.support.ClassPathXmlApplicationContext@3ecf72fd: startup date [Mon Mar 12 12:04:33 CST 2018]; root of context hierarchy
2018-03-12 12:04:34,060 120    [           main] INFO  ry.xml.XmlBeanDefinitionReader  - Loading XML bean definitions from class path resource [applicationContext.xml]
2018-03-12 12:07:06,535 0      [           main] INFO  ClassPathXmlApplicationContext  - Refreshing org.springframework.context.support.ClassPathXmlApplicationContext@326de728: startup date [Mon Mar 12 12:07:06 CST 2018]; root of context hierarchy
2018-03-12 12:07:06,620 85     [           main] INFO  ry.xml.XmlBeanDefinitionReader  - Loading XML bean definitions from class path resource [applicationContext.xml]
2018-03-12 12:09:10,563 0      [           main] INFO  ClassPathXmlApplicationContext  - Refreshing org.springframework.context.support.ClassPathXmlApplicationContext@3ecf72fd: startup date [Mon Mar 12 12:09:10 CST 2018]; root of context hierarchy
2018-03-12 12:09:10,632 69     [           main] INFO  ry.xml.XmlBeanDefinitionReader  - Loading XML bean definitions from class path resource [applicationContext.xml]
2018-03-12 12:09:10,874 311    [           main] INFO  ClassPathXmlApplicationContext  - Refreshing org.springframework.context.support.ClassPathXmlApplicationContext@4e718207: startup date [Mon Mar 12 12:09:10 CST 2018]; root of context hierarchy
2018-03-12 12:09:10,875 312    [           main] INFO  ry.xml.XmlBeanDefinitionReader  - Loading XML bean definitions from class path resource [applicationContext.xml]
2018-03-12 12:09:20,042 0      [           main] INFO  ClassPathXmlApplicationContext  - Refreshing org.springframework.context.support.ClassPathXmlApplicationContext@326de728: startup date [Mon Mar 12 12:09:20 CST 2018]; root of context hierarchy
2018-03-12 12:09:20,112 70     [           main] INFO  ry.xml.XmlBeanDefinitionReader  - Loading XML bean definitions from class path resource [applicationContext.xml]
2018-03-12 12:09:34,607 0      [           main] INFO  ClassPathXmlApplicationContext  - Refreshing org.springframework.context.support.ClassPathXmlApplicationContext@326de728: startup date [Mon Mar 12 12:09:34 CST 2018]; root of context hierarchy
2018-03-12 12:09:34,682 75     [           main] INFO  ry.xml.XmlBeanDefinitionReader  - Loading XML bean definitions from class path resource [applicationContext.xml]
2018-03-12 12:11:07,573 1      [           main] INFO  ClassPathXmlApplicationContext  - Refreshing org.springframework.context.support.ClassPathXmlApplicationContext@326de728: startup date [Mon Mar 12 12:11:07 CST 2018]; root of context hierarchy
2018-03-12 12:11:07,645 73     [           main] INFO  ry.xml.XmlBeanDefinitionReader  - Loading XML bean definitions from class path resource [applicationContext.xml]
2018-03-12 12:11:38,324 0      [           main] INFO  ClassPathXmlApplicationContext  - Refreshing org.springframework.context.support.ClassPathXmlApplicationContext@326de728: startup date [Mon Mar 12 12:11:38 CST 2018]; root of context hierarchy
2018-03-12 12:11:38,394 70     [           main] INFO  ry.xml.XmlBeanDefinitionReader  - Loading XML bean definitions from class path resource [applicationContext.xml]
2018-03-12 12:13:34,553 0      [           main] INFO  ClassPathXmlApplicationContext  - Refreshing org.springframework.context.support.ClassPathXmlApplicationContext@326de728: startup date [Mon Mar 12 12:13:34 CST 2018]; root of context hierarchy
2018-03-12 12:13:34,632 79     [           main] INFO  ry.xml.XmlBeanDefinitionReader  - Loading XML bean definitions from class path resource [applicationContext.xml]
2018-03-12 12:15:08,933 0      [           main] INFO  ClassPathXmlApplicationContext  - Refreshing org.springframework.context.support.ClassPathXmlApplicationContext@326de728: startup date [Mon Mar 12 12:15:08 CST 2018]; root of context hierarchy
2018-03-12 12:15:09,064 131    [           main] INFO  ry.xml.XmlBeanDefinitionReader  - Loading XML bean definitions from class path resource [applicationContext.xml]
2018-03-12 12:15:45,513 0      [           main] INFO  ClassPathXmlApplicationContext  - Refreshing org.springframework.context.support.ClassPathXmlApplicationContext@326de728: startup date [Mon Mar 12 12:15:45 CST 2018]; root of context hierarchy
2018-03-12 12:15:45,655 142    [           main] INFO  ry.xml.XmlBeanDefinitionReader  - Loading XML bean definitions from class path resource [applicationContext.xml]
2018-03-12 12:17:54,487 0      [           main] INFO  ClassPathXmlApplicationContext  - Refreshing org.springframework.context.support.ClassPathXmlApplicationContext@326de728: startup date [Mon Mar 12 12:17:54 CST 2018]; root of context hierarchy
2018-03-12 12:17:54,606 119    [           main] INFO  ry.xml.XmlBeanDefinitionReader  - Loading XML bean definitions from class path resource [applicationContext.xml]
2018-03-12 12:18:05,913 0      [           main] INFO  ClassPathXmlApplicationContext  - Refreshing org.springframework.context.support.ClassPathXmlApplicationContext@326de728: startup date [Mon Mar 12 12:18:05 CST 2018]; root of context hierarchy
2018-03-12 12:18:06,049 136    [           main] INFO  ry.xml.XmlBeanDefinitionReader  - Loading XML bean definitions from class path resource [applicationContext.xml]
2018-03-12 14:31:49,792 0      [           main] INFO  ClassPathXmlApplicationContext  - Refreshing org.springframework.context.support.ClassPathXmlApplicationContext@326de728: startup date [Mon Mar 12 14:31:49 CST 2018]; root of context hierarchy
2018-03-12 14:31:49,953 161    [           main] INFO  ry.xml.XmlBeanDefinitionReader  - Loading XML bean definitions from class path resource [applicationContext.xml]
2018-03-12 14:31:50,324 532    [           main] WARN  ClassPathXmlApplicationContext  - Exception encountered during context initialization - cancelling refresh attempt: org.springframework.beans.factory.UnsatisfiedDependencyException: Error creating bean with name 'teacher' defined in class path resource [applicationContext.xml]: Unsatisfied dependency expressed through constructor parameter 0: Ambiguous argument values for parameter of type [java.lang.String] - did you specify the correct bean references as arguments?
2018-03-12 14:33:46,238 0      [           main] INFO  ClassPathXmlApplicationContext  - Refreshing org.springframework.context.support.ClassPathXmlApplicationContext@326de728: startup date [Mon Mar 12 14:33:46 CST 2018]; root of context hierarchy
2018-03-12 14:33:46,333 95     [           main] INFO  ry.xml.XmlBeanDefinitionReader  - Loading XML bean definitions from class path resource [applicationContext.xml]
2018-03-12 14:35:16,531 0      [           main] INFO  ClassPathXmlApplicationContext  - Refreshing org.springframework.context.support.ClassPathXmlApplicationContext@326de728: startup date [Mon Mar 12 14:35:16 CST 2018]; root of context hierarchy
2018-03-12 14:35:16,643 112    [           main] INFO  ry.xml.XmlBeanDefinitionReader  - Loading XML bean definitions from class path resource [applicationContext.xml]
2018-03-12 14:35:16,955 424    [           main] WARN  ClassPathXmlApplicationContext  - Exception encountered during context initialization - cancelling refresh attempt: org.springframework.beans.factory.UnsatisfiedDependencyException: Error creating bean with name 'teacher' defined in class path resource [applicationContext.xml]: Unsatisfied dependency expressed through constructor parameter 2: Ambiguous argument values for parameter of type [java.util.Set] - did you specify the correct bean references as arguments?
2018-03-12 14:36:28,041 0      [           main] INFO  ClassPathXmlApplicationContext  - Refreshing org.springframework.context.support.ClassPathXmlApplicationContext@326de728: startup date [Mon Mar 12 14:36:28 CST 2018]; root of context hierarchy
2018-03-12 14:36:28,107 66     [           main] INFO  ry.xml.XmlBeanDefinitionReader  - Loading XML bean definitions from class path resource [applicationContext.xml]
2018-03-12 14:36:52,415 0      [           main] INFO  ClassPathXmlApplicationContext  - Refreshing org.springframework.context.support.ClassPathXmlApplicationContext@326de728: startup date [Mon Mar 12 14:36:52 CST 2018]; root of context hierarchy
2018-03-12 14:36:52,506 91     [           main] INFO  ry.xml.XmlBeanDefinitionReader  - Loading XML bean definitions from class path resource [applicationContext.xml]
